<?xml version="1.0" encoding="UTF-8"?>
<robot generator="Robot 7.3.2 (Python 3.12.3 on linux)" generated="2025-11-12T12:41:44.948385" rpa="false" schemaversion="5">
<suite id="s1" name="Tests" source="/home/vesavain/Downloads/Kurssit/Syksy 25/ohtu/palautusrepositorio/viikko3/login/src/tests">
<suite id="s1-s1" name="Home" source="/home/vesavain/Downloads/Kurssit/Syksy 25/ohtu/palautusrepositorio/viikko3/login/src/tests/home.robot">
<kw name="Open And Configure Browser" owner="resource" type="SETUP">
<if>
<branch type="IF" condition="$BROWSER == 'chrome'">
<kw name="Evaluate" owner="BuiltIn">
<msg time="2025-11-12T12:41:45.163090" level="INFO">${options} = &lt;selenium.webdriver.chrome.options.Options object at 0x787a54a1b050&gt;</msg>
<var>${options}</var>
<arg>sys.modules['selenium.webdriver'].ChromeOptions()</arg>
<arg>sys</arg>
<doc>Evaluates the given expression in Python and returns the result.</doc>
<status status="PASS" start="2025-11-12T12:41:45.162721" elapsed="0.000418"/>
</kw>
<kw name="Call Method" owner="BuiltIn">
<arg>${options}</arg>
<arg>add_argument</arg>
<arg>--incognito</arg>
<doc>Calls the named method of the given object with the provided arguments.</doc>
<status status="PASS" start="2025-11-12T12:41:45.163331" elapsed="0.000177"/>
</kw>
<status status="PASS" start="2025-11-12T12:41:45.162027" elapsed="0.001544"/>
</branch>
<branch type="ELSE IF" condition="$BROWSER == 'firefox'">
<kw name="Evaluate" owner="BuiltIn">
<var>${options}</var>
<arg>sys.modules['selenium.webdriver'].FirefoxOptions()</arg>
<arg>sys</arg>
<doc>Evaluates the given expression in Python and returns the result.</doc>
<status status="NOT RUN" start="2025-11-12T12:41:45.163746" elapsed="0.000032"/>
</kw>
<kw name="Call Method" owner="BuiltIn">
<arg>${options}</arg>
<arg>add_argument</arg>
<arg>--private-window</arg>
<doc>Calls the named method of the given object with the provided arguments.</doc>
<status status="NOT RUN" start="2025-11-12T12:41:45.163875" elapsed="0.000027"/>
</kw>
<status status="NOT RUN" start="2025-11-12T12:41:45.163624" elapsed="0.000318"/>
</branch>
<status status="PASS" start="2025-11-12T12:41:45.161994" elapsed="0.001987"/>
</if>
<if>
<branch type="IF" condition="$HEADLESS == 'true'">
<kw name="Set Selenium Speed" owner="SeleniumLibrary">
<arg>0.05 seconds</arg>
<doc>Sets the delay that is waited after each Selenium command.</doc>
<status status="NOT RUN" start="2025-11-12T12:41:45.164268" elapsed="0.000083"/>
</kw>
<kw name="Call Method" owner="BuiltIn">
<arg>${options}</arg>
<arg>add_argument</arg>
<arg>--headless</arg>
<doc>Calls the named method of the given object with the provided arguments.</doc>
<status status="NOT RUN" start="2025-11-12T12:41:45.164448" elapsed="0.000253"/>
</kw>
<status status="NOT RUN" start="2025-11-12T12:41:45.164046" elapsed="0.000782"/>
</branch>
<branch type="ELSE">
<kw name="Set Selenium Speed" owner="SeleniumLibrary">
<arg>${DELAY}</arg>
<doc>Sets the delay that is waited after each Selenium command.</doc>
<status status="PASS" start="2025-11-12T12:41:45.164996" elapsed="0.000317"/>
</kw>
<status status="PASS" start="2025-11-12T12:41:45.164873" elapsed="0.000492"/>
</branch>
<status status="PASS" start="2025-11-12T12:41:45.164029" elapsed="0.001373"/>
</if>
<kw name="Open Browser" owner="SeleniumLibrary">
<msg time="2025-11-12T12:41:45.165810" level="INFO">Opening browser 'chrome' to base url 'None'.</msg>
<arg>browser=${BROWSER}</arg>
<arg>options=${options}</arg>
<doc>Opens a new browser instance to the optional ``url``.</doc>
<status status="PASS" start="2025-11-12T12:41:45.165525" elapsed="0.702170"/>
</kw>
<status status="PASS" start="2025-11-12T12:41:45.161767" elapsed="0.706255"/>
</kw>
<test id="s1-s1-t1" name="Click Login Link" line="8">
<kw name="Reset Application And Go To Starting Page" type="SETUP">
<kw name="Reset Application" owner="AppLibrary">
<status status="PASS" start="2025-11-12T12:41:45.869845" elapsed="0.008599"/>
</kw>
<kw name="Go To Starting Page">
<kw name="Go To" owner="SeleniumLibrary">
<msg time="2025-11-12T12:41:45.880253" level="INFO">Opening url 'http://localhost:5001'</msg>
<arg>${HOME_URL}</arg>
<doc>Navigates the current browser window to the provided ``url``.</doc>
<status status="PASS" start="2025-11-12T12:41:45.879817" elapsed="0.607209"/>
</kw>
<status status="PASS" start="2025-11-12T12:41:45.878999" elapsed="0.608441"/>
</kw>
<status status="PASS" start="2025-11-12T12:41:45.869134" elapsed="0.618456"/>
</kw>
<kw name="Click Link" owner="SeleniumLibrary">
<msg time="2025-11-12T12:41:46.489121" level="INFO">Clicking link 'Login'.</msg>
<arg>Login</arg>
<doc>Clicks a link identified by ``locator``.</doc>
<status status="PASS" start="2025-11-12T12:41:46.488144" elapsed="1.674872"/>
</kw>
<kw name="Login Page Should Be Open" owner="resource">
<kw name="Title Should Be" owner="SeleniumLibrary">
<msg time="2025-11-12T12:41:48.678466" level="INFO">Page title is 'Login'.</msg>
<arg>Login</arg>
<doc>Verifies that the current page title equals ``title``.</doc>
<status status="PASS" start="2025-11-12T12:41:48.164640" elapsed="0.514187"/>
</kw>
<status status="PASS" start="2025-11-12T12:41:48.163903" elapsed="0.515258"/>
</kw>
<status status="PASS" start="2025-11-12T12:41:45.868259" elapsed="2.811582"/>
</test>
<test id="s1-s1-t2" name="Click Register Link" line="12">
<kw name="Reset Application And Go To Starting Page" type="SETUP">
<kw name="Reset Application" owner="AppLibrary">
<status status="PASS" start="2025-11-12T12:41:48.683361" elapsed="0.005460"/>
</kw>
<kw name="Go To Starting Page">
<kw name="Go To" owner="SeleniumLibrary">
<msg time="2025-11-12T12:41:48.690103" level="INFO">Opening url 'http://localhost:5001'</msg>
<arg>${HOME_URL}</arg>
<doc>Navigates the current browser window to the provided ``url``.</doc>
<status status="PASS" start="2025-11-12T12:41:48.689807" elapsed="0.551721"/>
</kw>
<status status="PASS" start="2025-11-12T12:41:48.689269" elapsed="0.552649"/>
</kw>
<status status="PASS" start="2025-11-12T12:41:48.682760" elapsed="0.559324"/>
</kw>
<kw name="Click Link" owner="SeleniumLibrary">
<msg time="2025-11-12T12:41:49.243308" level="INFO">Clicking link 'Register new user'.</msg>
<arg>Register new user</arg>
<doc>Clicks a link identified by ``locator``.</doc>
<status status="PASS" start="2025-11-12T12:41:49.242693" elapsed="1.635255"/>
</kw>
<kw name="Register Page Should Be Open" owner="resource">
<kw name="Title Should Be" owner="SeleniumLibrary">
<msg time="2025-11-12T12:41:51.387415" level="INFO">Page title is 'Register'.</msg>
<arg>Register</arg>
<doc>Verifies that the current page title equals ``title``.</doc>
<status status="PASS" start="2025-11-12T12:41:50.879067" elapsed="0.508578"/>
</kw>
<status status="PASS" start="2025-11-12T12:41:50.878543" elapsed="0.509306"/>
</kw>
<status status="PASS" start="2025-11-12T12:41:48.680831" elapsed="2.707375"/>
</test>
<kw name="Close Browser" owner="SeleniumLibrary" type="TEARDOWN">
<doc>Closes the current browser.</doc>
<status status="PASS" start="2025-11-12T12:41:51.389197" elapsed="0.594688"/>
</kw>
<status status="PASS" start="2025-11-12T12:41:44.974746" elapsed="7.009264"/>
</suite>
<suite id="s1-s2" name="Login" source="/home/vesavain/Downloads/Kurssit/Syksy 25/ohtu/palautusrepositorio/viikko3/login/src/tests/login.robot">
<kw name="Open And Configure Browser" owner="resource" type="SETUP">
<if>
<branch type="IF" condition="$BROWSER == 'chrome'">
<kw name="Evaluate" owner="BuiltIn">
<msg time="2025-11-12T12:41:51.989054" level="INFO">${options} = &lt;selenium.webdriver.chrome.options.Options object at 0x787a54759ca0&gt;</msg>
<var>${options}</var>
<arg>sys.modules['selenium.webdriver'].ChromeOptions()</arg>
<arg>sys</arg>
<doc>Evaluates the given expression in Python and returns the result.</doc>
<status status="PASS" start="2025-11-12T12:41:51.988660" elapsed="0.000445"/>
</kw>
<kw name="Call Method" owner="BuiltIn">
<arg>${options}</arg>
<arg>add_argument</arg>
<arg>--incognito</arg>
<doc>Calls the named method of the given object with the provided arguments.</doc>
<status status="PASS" start="2025-11-12T12:41:51.989281" elapsed="0.000193"/>
</kw>
<status status="PASS" start="2025-11-12T12:41:51.988334" elapsed="0.001201"/>
</branch>
<branch type="ELSE IF" condition="$BROWSER == 'firefox'">
<kw name="Evaluate" owner="BuiltIn">
<var>${options}</var>
<arg>sys.modules['selenium.webdriver'].FirefoxOptions()</arg>
<arg>sys</arg>
<doc>Evaluates the given expression in Python and returns the result.</doc>
<status status="NOT RUN" start="2025-11-12T12:41:51.989814" elapsed="0.000047"/>
</kw>
<kw name="Call Method" owner="BuiltIn">
<arg>${options}</arg>
<arg>add_argument</arg>
<arg>--private-window</arg>
<doc>Calls the named method of the given object with the provided arguments.</doc>
<status status="NOT RUN" start="2025-11-12T12:41:51.990034" elapsed="0.000051"/>
</kw>
<status status="NOT RUN" start="2025-11-12T12:41:51.989667" elapsed="0.000471"/>
</branch>
<status status="PASS" start="2025-11-12T12:41:51.988301" elapsed="0.001933"/>
</if>
<if>
<branch type="IF" condition="$HEADLESS == 'true'">
<kw name="Set Selenium Speed" owner="SeleniumLibrary">
<arg>0.05 seconds</arg>
<doc>Sets the delay that is waited after each Selenium command.</doc>
<status status="NOT RUN" start="2025-11-12T12:41:51.990602" elapsed="0.000038"/>
</kw>
<kw name="Call Method" owner="BuiltIn">
<arg>${options}</arg>
<arg>add_argument</arg>
<arg>--headless</arg>
<doc>Calls the named method of the given object with the provided arguments.</doc>
<status status="NOT RUN" start="2025-11-12T12:41:51.990755" elapsed="0.000032"/>
</kw>
<status status="NOT RUN" start="2025-11-12T12:41:51.990321" elapsed="0.000512"/>
</branch>
<branch type="ELSE">
<kw name="Set Selenium Speed" owner="SeleniumLibrary">
<arg>${DELAY}</arg>
<doc>Sets the delay that is waited after each Selenium command.</doc>
<status status="PASS" start="2025-11-12T12:41:51.990997" elapsed="0.000381"/>
</kw>
<status status="PASS" start="2025-11-12T12:41:51.990879" elapsed="0.000570"/>
</branch>
<status status="PASS" start="2025-11-12T12:41:51.990299" elapsed="0.001202"/>
</if>
<kw name="Open Browser" owner="SeleniumLibrary">
<msg time="2025-11-12T12:41:51.992024" level="INFO">Opening browser 'chrome' to base url 'None'.</msg>
<arg>browser=${BROWSER}</arg>
<arg>options=${options}</arg>
<doc>Opens a new browser instance to the optional ``url``.</doc>
<status status="PASS" start="2025-11-12T12:41:51.991673" elapsed="0.580402"/>
</kw>
<status status="PASS" start="2025-11-12T12:41:51.988087" elapsed="0.584240"/>
</kw>
<test id="s1-s2-t1" name="Login With Correct Credentials" line="8">
<kw name="Reset Application Create User And Go To Login Page" type="SETUP">
<kw name="Reset Application" owner="AppLibrary">
<status status="PASS" start="2025-11-12T12:41:52.574407" elapsed="0.004349"/>
</kw>
<kw name="Create User" owner="AppLibrary">
<arg>kalle</arg>
<arg>kalle123</arg>
<status status="PASS" start="2025-11-12T12:41:52.579078" elapsed="0.013232"/>
</kw>
<kw name="Go To Login Page" owner="resource">
<kw name="Go To" owner="SeleniumLibrary">
<msg time="2025-11-12T12:41:52.593984" level="INFO">Opening url 'http://localhost:5001/login'</msg>
<arg>${LOGIN_URL}</arg>
<doc>Navigates the current browser window to the provided ``url``.</doc>
<status status="PASS" start="2025-11-12T12:41:52.593582" elapsed="0.734698"/>
</kw>
<status status="PASS" start="2025-11-12T12:41:52.592790" elapsed="0.735740"/>
</kw>
<status status="PASS" start="2025-11-12T12:41:52.573781" elapsed="0.754869"/>
</kw>
<kw name="Set Username">
<kw name="Input Text" owner="SeleniumLibrary">
<msg time="2025-11-12T12:41:53.330044" level="INFO">Typing text 'kalle' into text field 'username'.</msg>
<arg>username</arg>
<arg>${username}</arg>
<doc>Types the given ``text`` into the text field identified by ``locator``.</doc>
<status status="PASS" start="2025-11-12T12:41:53.329651" elapsed="1.661800"/>
</kw>
<arg>kalle</arg>
<status status="PASS" start="2025-11-12T12:41:53.329074" elapsed="1.662636"/>
</kw>
<kw name="Set Password">
<kw name="Input Password" owner="SeleniumLibrary">
<msg time="2025-11-12T12:41:54.993221" level="INFO">Typing password into text field 'password'.</msg>
<msg time="2025-11-12T12:41:56.054293" level="INFO">Temporally setting log level to: NONE</msg>
<arg>password</arg>
<arg>${password}</arg>
<doc>Types the given password into the text field identified by ``locator``.</doc>
<status status="PASS" start="2025-11-12T12:41:54.992806" elapsed="1.633677"/>
</kw>
<arg>kalle123</arg>
<status status="PASS" start="2025-11-12T12:41:54.992164" elapsed="1.634654"/>
</kw>
<kw name="Click Button" owner="SeleniumLibrary">
<msg time="2025-11-12T12:41:56.627925" level="INFO">Clicking button 'Login'.</msg>
<arg>Login</arg>
<doc>Clicks the button identified by ``locator``.</doc>
<status status="PASS" start="2025-11-12T12:41:56.627401" elapsed="2.167969"/>
</kw>
<kw name="Login Should Succeed">
<kw name="Main Page Should Be Open" owner="resource">
<kw name="Title Should Be" owner="SeleniumLibrary">
<msg time="2025-11-12T12:41:59.311893" level="INFO">Page title is 'Ohtu Application main page'.</msg>
<arg>Ohtu Application main page</arg>
<doc>Verifies that the current page title equals ``title``.</doc>
<status status="PASS" start="2025-11-12T12:41:58.798131" elapsed="0.514112"/>
</kw>
<status status="PASS" start="2025-11-12T12:41:58.797463" elapsed="0.515066"/>
</kw>
<status status="PASS" start="2025-11-12T12:41:58.796374" elapsed="0.516310"/>
</kw>
<status status="PASS" start="2025-11-12T12:41:52.572480" elapsed="6.740761"/>
</test>
<test id="s1-s2-t2" name="Login With Incorrect Password" line="14">
<kw name="Reset Application Create User And Go To Login Page" type="SETUP">
<kw name="Reset Application" owner="AppLibrary">
<status status="PASS" start="2025-11-12T12:41:59.314845" elapsed="0.004158"/>
</kw>
<kw name="Create User" owner="AppLibrary">
<arg>kalle</arg>
<arg>kalle123</arg>
<status status="PASS" start="2025-11-12T12:41:59.319242" elapsed="0.006568"/>
</kw>
<kw name="Go To Login Page" owner="resource">
<kw name="Go To" owner="SeleniumLibrary">
<msg time="2025-11-12T12:41:59.326950" level="INFO">Opening url 'http://localhost:5001/login'</msg>
<arg>${LOGIN_URL}</arg>
<doc>Navigates the current browser window to the provided ``url``.</doc>
<status status="PASS" start="2025-11-12T12:41:59.326692" elapsed="0.553730"/>
</kw>
<status status="PASS" start="2025-11-12T12:41:59.326226" elapsed="0.554789"/>
</kw>
<status status="PASS" start="2025-11-12T12:41:59.314433" elapsed="0.566799"/>
</kw>
<kw name="Set Username">
<kw name="Input Text" owner="SeleniumLibrary">
<msg time="2025-11-12T12:41:59.882922" level="INFO">Typing text 'kalle' into text field 'username'.</msg>
<arg>username</arg>
<arg>${username}</arg>
<doc>Types the given ``text`` into the text field identified by ``locator``.</doc>
<status status="PASS" start="2025-11-12T12:41:59.882475" elapsed="1.614130"/>
</kw>
<arg>kalle</arg>
<status status="PASS" start="2025-11-12T12:41:59.881768" elapsed="1.615511"/>
</kw>
<kw name="Set Password">
<kw name="Input Password" owner="SeleniumLibrary">
<msg time="2025-11-12T12:42:01.499857" level="INFO">Typing password into text field 'password'.</msg>
<msg time="2025-11-12T12:42:02.553058" level="INFO">Temporally setting log level to: NONE</msg>
<arg>password</arg>
<arg>${password}</arg>
<doc>Types the given password into the text field identified by ``locator``.</doc>
<status status="PASS" start="2025-11-12T12:42:01.499244" elapsed="1.623743"/>
</kw>
<arg>kalle456</arg>
<status status="PASS" start="2025-11-12T12:42:01.498255" elapsed="1.625183"/>
</kw>
<kw name="Click Button" owner="SeleniumLibrary">
<msg time="2025-11-12T12:42:03.124672" level="INFO">Clicking button 'Login'.</msg>
<arg>Login</arg>
<doc>Clicks the button identified by ``locator``.</doc>
<status status="PASS" start="2025-11-12T12:42:03.124014" elapsed="2.131538"/>
</kw>
<kw name="Login Should Fail With Message">
<kw name="Login Page Should Be Open" owner="resource">
<kw name="Title Should Be" owner="SeleniumLibrary">
<msg time="2025-11-12T12:42:05.765489" level="INFO">Page title is 'Login'.</msg>
<arg>Login</arg>
<doc>Verifies that the current page title equals ``title``.</doc>
<status status="PASS" start="2025-11-12T12:42:05.256941" elapsed="0.508900"/>
</kw>
<status status="PASS" start="2025-11-12T12:42:05.256594" elapsed="0.509789"/>
</kw>
<kw name="Page Should Contain" owner="SeleniumLibrary">
<msg time="2025-11-12T12:42:06.791344" level="INFO">Current page contains text 'Invalid username or password'.</msg>
<arg>${message}</arg>
<doc>Verifies that current page contains ``text``.</doc>
<status status="PASS" start="2025-11-12T12:42:05.766846" elapsed="1.025470"/>
</kw>
<arg>Invalid username or password</arg>
<status status="PASS" start="2025-11-12T12:42:05.256038" elapsed="1.536725"/>
</kw>
<status status="PASS" start="2025-11-12T12:41:59.313788" elapsed="7.479659"/>
</test>
<kw name="Close Browser" owner="SeleniumLibrary" type="TEARDOWN">
<doc>Closes the current browser.</doc>
<status status="PASS" start="2025-11-12T12:42:06.794856" elapsed="0.566214"/>
</kw>
<status status="PASS" start="2025-11-12T12:41:51.984696" elapsed="15.376606"/>
</suite>
<status status="PASS" start="2025-11-12T12:41:44.949564" elapsed="22.413517"/>
</suite>
<statistics>
<total>
<stat pass="4" fail="0" skip="0">All Tests</stat>
</total>
<tag>
</tag>
<suite>
<stat name="Tests" id="s1" pass="4" fail="0" skip="0">Tests</stat>
<stat name="Home" id="s1-s1" pass="2" fail="0" skip="0">Tests.Home</stat>
<stat name="Login" id="s1-s2" pass="2" fail="0" skip="0">Tests.Login</stat>
</suite>
</statistics>
<errors>
</errors>
</robot>
